<?xml version="1.0" encoding="UTF-8"?>
<!-- Generated by org.testng.reporters.JUnitXMLReporter -->
<testsuite hostname="MITTAL-PC" ignored="2" name="Practice Grouping" tests="3" failures="0" timestamp="19 Jul 2018 04:42:00 GMT" time="0.214" errors="0">
  <testcase name="Car1" time="0.057" classname="automationframework.Grouping"/>
  <testcase name="Car2" time="0.008" classname="automationframework.Grouping"/>
  <testcase name="Sedan1" time="0.004" classname="automationframework.Grouping"/>
  <testcase name="Scooter2" time="0.0" classname="automationframework.Grouping">
    <ignored/>
  </testcase> <!-- Scooter2 -->
  <testcase name="Scooter1" time="0.0" classname="automationframework.Grouping">
    <ignored/>
  </testcase> <!-- Scooter1 -->
</testsuite> <!-- Practice Grouping -->
