<?xml version="1.0" encoding="UTF-8"?>
<testng-results skipped="0" failed="0" ignored="2" total="5" passed="3">
  <reporter-output>
  </reporter-output>
  <suite name="Suite" duration-ms="214" started-at="2018-07-19T04:42:00Z" finished-at="2018-07-19T04:42:00Z">
    <groups>
      <group name="Car">
        <method signature="Grouping.Car1()[pri:0, instance:automationframework.Grouping@4d95d2a2]" name="Car1" class="automationframework.Grouping"/>
        <method signature="Grouping.Car2()[pri:0, instance:automationframework.Grouping@4d95d2a2]" name="Car2" class="automationframework.Grouping"/>
        <method signature="Grouping.Sedan1()[pri:0, instance:automationframework.Grouping@4d95d2a2]" name="Sedan1" class="automationframework.Grouping"/>
      </group> <!-- Car -->
      <group name="Sedan Car">
        <method signature="Grouping.Sedan1()[pri:0, instance:automationframework.Grouping@4d95d2a2]" name="Sedan1" class="automationframework.Grouping"/>
      </group> <!-- Sedan Car -->
    </groups>
    <test name="Practice Grouping" duration-ms="214" started-at="2018-07-19T04:42:00Z" finished-at="2018-07-19T04:42:00Z">
      <class name="automationframework.Grouping">
        <test-method status="PASS" signature="Car1()[pri:0, instance:automationframework.Grouping@4d95d2a2]" name="Car1" duration-ms="57" started-at="2018-07-19T04:42:00Z" finished-at="2018-07-19T04:42:00Z">
          <reporter-output>
          </reporter-output>
        </test-method> <!-- Car1 -->
        <test-method status="PASS" signature="Car2()[pri:0, instance:automationframework.Grouping@4d95d2a2]" name="Car2" duration-ms="8" started-at="2018-07-19T04:42:00Z" finished-at="2018-07-19T04:42:00Z">
          <reporter-output>
          </reporter-output>
        </test-method> <!-- Car2 -->
        <test-method status="PASS" signature="Sedan1()[pri:0, instance:automationframework.Grouping@4d95d2a2]" name="Sedan1" duration-ms="4" started-at="2018-07-19T04:42:00Z" finished-at="2018-07-19T04:42:00Z">
          <reporter-output>
          </reporter-output>
        </test-method> <!-- Sedan1 -->
      </class> <!-- automationframework.Grouping -->
    </test> <!-- Practice Grouping -->
  </suite> <!-- Suite -->
</testng-results>
